2022-01-25 10:14:18.986 [http-nio-8080-exec-2] ERROR [26] - Default Exception: 
org.springframework.web.HttpRequestMethodNotSupportedException: Request method 'GET' not supported
	at org.springframework.web.servlet.mvc.method.RequestMappingInfoHandlerMapping.handleNoMatch(RequestMappingInfoHandlerMapping.java:253) ~[spring-webmvc-5.3.14.jar:5.3.14]
	at org.springframework.web.servlet.handler.AbstractHandlerMethodMapping.lookupHandlerMethod(AbstractHandlerMethodMapping.java:442) ~[spring-webmvc-5.3.14.jar:5.3.14]
	at org.springframework.web.servlet.handler.AbstractHandlerMethodMapping.getHandlerInternal(AbstractHandlerMethodMapping.java:383) ~[spring-webmvc-5.3.14.jar:5.3.14]
	at org.springframework.web.servlet.mvc.method.RequestMappingInfoHandlerMapping.getHandlerInternal(RequestMappingInfoHandlerMapping.java:125) ~[spring-webmvc-5.3.14.jar:5.3.14]
	at org.springframework.web.servlet.mvc.method.RequestMappingInfoHandlerMapping.getHandlerInternal(RequestMappingInfoHandlerMapping.java:67) ~[spring-webmvc-5.3.14.jar:5.3.14]
	at org.springframework.web.servlet.handler.AbstractHandlerMapping.getHandler(AbstractHandlerMapping.java:498) ~[spring-webmvc-5.3.14.jar:5.3.14]
	at org.springframework.web.servlet.DispatcherServlet.getHandler(DispatcherServlet.java:1261) [spring-webmvc-5.3.14.jar:5.3.14]
	at org.springframework.web.servlet.DispatcherServlet.doDispatch(DispatcherServlet.java:1043) [spring-webmvc-5.3.14.jar:5.3.14]
	at org.springframework.web.servlet.DispatcherServlet.doService(DispatcherServlet.java:963) [spring-webmvc-5.3.14.jar:5.3.14]
	at org.springframework.web.servlet.FrameworkServlet.processRequest(FrameworkServlet.java:1006) [spring-webmvc-5.3.14.jar:5.3.14]
	at org.springframework.web.servlet.FrameworkServlet.doGet(FrameworkServlet.java:898) [spring-webmvc-5.3.14.jar:5.3.14]
	at javax.servlet.http.HttpServlet.service(HttpServlet.java:655) [tomcat-embed-core-9.0.56.jar:4.0.FR]
	at org.springframework.web.servlet.FrameworkServlet.service(FrameworkServlet.java:883) [spring-webmvc-5.3.14.jar:5.3.14]
	at javax.servlet.http.HttpServlet.service(HttpServlet.java:764) [tomcat-embed-core-9.0.56.jar:4.0.FR]
	at org.apache.catalina.core.ApplicationFilterChain.internalDoFilter(ApplicationFilterChain.java:227) [tomcat-embed-core-9.0.56.jar:9.0.56]
	at org.apache.catalina.core.ApplicationFilterChain.doFilter(ApplicationFilterChain.java:162) [tomcat-embed-core-9.0.56.jar:9.0.56]
	at org.apache.tomcat.websocket.server.WsFilter.doFilter(WsFilter.java:53) [tomcat-embed-websocket-9.0.56.jar:9.0.56]
	at org.apache.catalina.core.ApplicationFilterChain.internalDoFilter(ApplicationFilterChain.java:189) [tomcat-embed-core-9.0.56.jar:9.0.56]
	at org.apache.catalina.core.ApplicationFilterChain.doFilter(ApplicationFilterChain.java:162) [tomcat-embed-core-9.0.56.jar:9.0.56]
	at org.springframework.web.filter.RequestContextFilter.doFilterInternal(RequestContextFilter.java:100) [spring-web-5.3.14.jar:5.3.14]
	at org.springframework.web.filter.OncePerRequestFilter.doFilter(OncePerRequestFilter.java:117) [spring-web-5.3.14.jar:5.3.14]
	at org.apache.catalina.core.ApplicationFilterChain.internalDoFilter(ApplicationFilterChain.java:189) [tomcat-embed-core-9.0.56.jar:9.0.56]
	at org.apache.catalina.core.ApplicationFilterChain.doFilter(ApplicationFilterChain.java:162) [tomcat-embed-core-9.0.56.jar:9.0.56]
	at org.springframework.web.filter.FormContentFilter.doFilterInternal(FormContentFilter.java:93) [spring-web-5.3.14.jar:5.3.14]
	at org.springframework.web.filter.OncePerRequestFilter.doFilter(OncePerRequestFilter.java:117) [spring-web-5.3.14.jar:5.3.14]
	at org.apache.catalina.core.ApplicationFilterChain.internalDoFilter(ApplicationFilterChain.java:189) [tomcat-embed-core-9.0.56.jar:9.0.56]
	at org.apache.catalina.core.ApplicationFilterChain.doFilter(ApplicationFilterChain.java:162) [tomcat-embed-core-9.0.56.jar:9.0.56]
	at org.springframework.web.filter.CharacterEncodingFilter.doFilterInternal(CharacterEncodingFilter.java:201) [spring-web-5.3.14.jar:5.3.14]
	at org.springframework.web.filter.OncePerRequestFilter.doFilter(OncePerRequestFilter.java:117) [spring-web-5.3.14.jar:5.3.14]
	at org.apache.catalina.core.ApplicationFilterChain.internalDoFilter(ApplicationFilterChain.java:189) [tomcat-embed-core-9.0.56.jar:9.0.56]
	at org.apache.catalina.core.ApplicationFilterChain.doFilter(ApplicationFilterChain.java:162) [tomcat-embed-core-9.0.56.jar:9.0.56]
	at org.apache.catalina.core.StandardWrapperValve.invoke(StandardWrapperValve.java:197) [tomcat-embed-core-9.0.56.jar:9.0.56]
	at org.apache.catalina.core.StandardContextValve.invoke(StandardContextValve.java:97) [tomcat-embed-core-9.0.56.jar:9.0.56]
	at org.apache.catalina.authenticator.AuthenticatorBase.invoke(AuthenticatorBase.java:540) [tomcat-embed-core-9.0.56.jar:9.0.56]
	at org.apache.catalina.core.StandardHostValve.invoke(StandardHostValve.java:135) [tomcat-embed-core-9.0.56.jar:9.0.56]
	at org.apache.catalina.valves.ErrorReportValve.invoke(ErrorReportValve.java:92) [tomcat-embed-core-9.0.56.jar:9.0.56]
	at org.apache.catalina.core.StandardEngineValve.invoke(StandardEngineValve.java:78) [tomcat-embed-core-9.0.56.jar:9.0.56]
	at org.apache.catalina.connector.CoyoteAdapter.service(CoyoteAdapter.java:357) [tomcat-embed-core-9.0.56.jar:9.0.56]
	at org.apache.coyote.http11.Http11Processor.service(Http11Processor.java:382) [tomcat-embed-core-9.0.56.jar:9.0.56]
	at org.apache.coyote.AbstractProcessorLight.process(AbstractProcessorLight.java:65) [tomcat-embed-core-9.0.56.jar:9.0.56]
	at org.apache.coyote.AbstractProtocol$ConnectionHandler.process(AbstractProtocol.java:895) [tomcat-embed-core-9.0.56.jar:9.0.56]
	at org.apache.tomcat.util.net.NioEndpoint$SocketProcessor.doRun(NioEndpoint.java:1732) [tomcat-embed-core-9.0.56.jar:9.0.56]
	at org.apache.tomcat.util.net.SocketProcessorBase.run(SocketProcessorBase.java:49) [tomcat-embed-core-9.0.56.jar:9.0.56]
	at org.apache.tomcat.util.threads.ThreadPoolExecutor.runWorker(ThreadPoolExecutor.java:1191) [tomcat-embed-core-9.0.56.jar:9.0.56]
	at org.apache.tomcat.util.threads.ThreadPoolExecutor$Worker.run(ThreadPoolExecutor.java:659) [tomcat-embed-core-9.0.56.jar:9.0.56]
	at org.apache.tomcat.util.threads.TaskThread$WrappingRunnable.run(TaskThread.java:61) [tomcat-embed-core-9.0.56.jar:9.0.56]
	at java.lang.Thread.run(Thread.java:748) [?:1.8.0_152]
2022-01-25 15:19:11.274 [http-nio-8080-exec-2] ERROR [26] - Default Exception: 
org.elasticsearch.ElasticsearchStatusException: Elasticsearch exception [type=circuit_breaking_exception, reason=[parent] Data too large, data for [<transport_request>] would be [1044746804/996.3mb], which is larger than the limit of [1020054732/972.7mb], real usage: [1044746456/996.3mb], new bytes reserved: [348/348b], usages [request=0/0b, fielddata=0/0b, in_flight_requests=1718/1.6kb, accounting=8438617/8mb]]
	at org.elasticsearch.rest.BytesRestResponse.errorFromXContent(BytesRestResponse.java:177) ~[elasticsearch-7.6.2.jar:7.6.2]
	at org.elasticsearch.client.RestHighLevelClient.parseEntity(RestHighLevelClient.java:1793) ~[elasticsearch-rest-high-level-client-7.6.2.jar:7.6.2]
	at org.elasticsearch.client.RestHighLevelClient.parseResponseException(RestHighLevelClient.java:1770) ~[elasticsearch-rest-high-level-client-7.6.2.jar:7.6.2]
	at org.elasticsearch.client.RestHighLevelClient.internalPerformRequest(RestHighLevelClient.java:1527) ~[elasticsearch-rest-high-level-client-7.6.2.jar:7.6.2]
	at org.elasticsearch.client.RestHighLevelClient.performRequest(RestHighLevelClient.java:1484) ~[elasticsearch-rest-high-level-client-7.6.2.jar:7.6.2]
	at org.elasticsearch.client.RestHighLevelClient.performRequestAndParseEntity(RestHighLevelClient.java:1454) ~[elasticsearch-rest-high-level-client-7.6.2.jar:7.6.2]
	at org.elasticsearch.client.RestHighLevelClient.get(RestHighLevelClient.java:742) ~[elasticsearch-rest-high-level-client-7.6.2.jar:7.6.2]
	at com.es.es_server4.service.impl.DianwangImpl.QueryByID(DianwangImpl.java:100) ~[classes/:?]
	at com.es.es_server4.controller.DianwangController.getSpcDetail(DianwangController.java:52) ~[classes/:?]
	at com.es.es_server4.controller.DianwangController$$FastClassBySpringCGLIB$$8ca4d348.invoke(<generated>) ~[classes/:?]
	at org.springframework.cglib.proxy.MethodProxy.invoke(MethodProxy.java:218) ~[spring-core-5.3.14.jar:5.3.14]
	at org.springframework.aop.framework.CglibAopProxy$CglibMethodInvocation.invokeJoinpoint(CglibAopProxy.java:783) ~[spring-aop-5.3.14.jar:5.3.14]
	at org.springframework.aop.framework.ReflectiveMethodInvocation.proceed(ReflectiveMethodInvocation.java:163) ~[spring-aop-5.3.14.jar:5.3.14]
	at org.springframework.aop.framework.CglibAopProxy$CglibMethodInvocation.proceed(CglibAopProxy.java:753) ~[spring-aop-5.3.14.jar:5.3.14]
	at org.springframework.aop.framework.adapter.AfterReturningAdviceInterceptor.invoke(AfterReturningAdviceInterceptor.java:57) ~[spring-aop-5.3.14.jar:5.3.14]
	at org.springframework.aop.framework.ReflectiveMethodInvocation.proceed(ReflectiveMethodInvocation.java:186) ~[spring-aop-5.3.14.jar:5.3.14]
	at org.springframework.aop.framework.CglibAopProxy$CglibMethodInvocation.proceed(CglibAopProxy.java:753) ~[spring-aop-5.3.14.jar:5.3.14]
	at org.springframework.aop.framework.adapter.MethodBeforeAdviceInterceptor.invoke(MethodBeforeAdviceInterceptor.java:58) ~[spring-aop-5.3.14.jar:5.3.14]
	at org.springframework.aop.framework.ReflectiveMethodInvocation.proceed(ReflectiveMethodInvocation.java:186) ~[spring-aop-5.3.14.jar:5.3.14]
	at org.springframework.aop.framework.CglibAopProxy$CglibMethodInvocation.proceed(CglibAopProxy.java:753) ~[spring-aop-5.3.14.jar:5.3.14]
	at org.springframework.aop.interceptor.ExposeInvocationInterceptor.invoke(ExposeInvocationInterceptor.java:97) ~[spring-aop-5.3.14.jar:5.3.14]
	at org.springframework.aop.framework.ReflectiveMethodInvocation.proceed(ReflectiveMethodInvocation.java:186) ~[spring-aop-5.3.14.jar:5.3.14]
	at org.springframework.aop.framework.CglibAopProxy$CglibMethodInvocation.proceed(CglibAopProxy.java:753) ~[spring-aop-5.3.14.jar:5.3.14]
	at org.springframework.aop.framework.CglibAopProxy$DynamicAdvisedInterceptor.intercept(CglibAopProxy.java:698) ~[spring-aop-5.3.14.jar:5.3.14]
	at com.es.es_server4.controller.DianwangController$$EnhancerBySpringCGLIB$$15f38be7.getSpcDetail(<generated>) ~[classes/:?]
	at sun.reflect.NativeMethodAccessorImpl.invoke0(Native Method) ~[?:1.8.0_152]
	at sun.reflect.NativeMethodAccessorImpl.invoke(NativeMethodAccessorImpl.java:62) ~[?:1.8.0_152]
	at sun.reflect.DelegatingMethodAccessorImpl.invoke(DelegatingMethodAccessorImpl.java:43) ~[?:1.8.0_152]
	at java.lang.reflect.Method.invoke(Method.java:498) ~[?:1.8.0_152]
	at org.springframework.web.method.support.InvocableHandlerMethod.doInvoke(InvocableHandlerMethod.java:205) ~[spring-web-5.3.14.jar:5.3.14]
	at org.springframework.web.method.support.InvocableHandlerMethod.invokeForRequest(InvocableHandlerMethod.java:150) ~[spring-web-5.3.14.jar:5.3.14]
	at org.springframework.web.servlet.mvc.method.annotation.ServletInvocableHandlerMethod.invokeAndHandle(ServletInvocableHandlerMethod.java:117) ~[spring-webmvc-5.3.14.jar:5.3.14]
	at org.springframework.web.servlet.mvc.method.annotation.RequestMappingHandlerAdapter.invokeHandlerMethod(RequestMappingHandlerAdapter.java:895) ~[spring-webmvc-5.3.14.jar:5.3.14]
	at org.springframework.web.servlet.mvc.method.annotation.RequestMappingHandlerAdapter.handleInternal(RequestMappingHandlerAdapter.java:808) ~[spring-webmvc-5.3.14.jar:5.3.14]
	at org.springframework.web.servlet.mvc.method.AbstractHandlerMethodAdapter.handle(AbstractHandlerMethodAdapter.java:87) ~[spring-webmvc-5.3.14.jar:5.3.14]
	at org.springframework.web.servlet.DispatcherServlet.doDispatch(DispatcherServlet.java:1067) [spring-webmvc-5.3.14.jar:5.3.14]
	at org.springframework.web.servlet.DispatcherServlet.doService(DispatcherServlet.java:963) [spring-webmvc-5.3.14.jar:5.3.14]
	at org.springframework.web.servlet.FrameworkServlet.processRequest(FrameworkServlet.java:1006) [spring-webmvc-5.3.14.jar:5.3.14]
	at org.springframework.web.servlet.FrameworkServlet.doGet(FrameworkServlet.java:898) [spring-webmvc-5.3.14.jar:5.3.14]
	at javax.servlet.http.HttpServlet.service(HttpServlet.java:655) [tomcat-embed-core-9.0.56.jar:4.0.FR]
	at org.springframework.web.servlet.FrameworkServlet.service(FrameworkServlet.java:883) [spring-webmvc-5.3.14.jar:5.3.14]
	at javax.servlet.http.HttpServlet.service(HttpServlet.java:764) [tomcat-embed-core-9.0.56.jar:4.0.FR]
	at org.apache.catalina.core.ApplicationFilterChain.internalDoFilter(ApplicationFilterChain.java:227) [tomcat-embed-core-9.0.56.jar:9.0.56]
	at org.apache.catalina.core.ApplicationFilterChain.doFilter(ApplicationFilterChain.java:162) [tomcat-embed-core-9.0.56.jar:9.0.56]
	at org.apache.tomcat.websocket.server.WsFilter.doFilter(WsFilter.java:53) [tomcat-embed-websocket-9.0.56.jar:9.0.56]
	at org.apache.catalina.core.ApplicationFilterChain.internalDoFilter(ApplicationFilterChain.java:189) [tomcat-embed-core-9.0.56.jar:9.0.56]
	at org.apache.catalina.core.ApplicationFilterChain.doFilter(ApplicationFilterChain.java:162) [tomcat-embed-core-9.0.56.jar:9.0.56]
	at org.springframework.web.filter.RequestContextFilter.doFilterInternal(RequestContextFilter.java:100) [spring-web-5.3.14.jar:5.3.14]
	at org.springframework.web.filter.OncePerRequestFilter.doFilter(OncePerRequestFilter.java:117) [spring-web-5.3.14.jar:5.3.14]
	at org.apache.catalina.core.ApplicationFilterChain.internalDoFilter(ApplicationFilterChain.java:189) [tomcat-embed-core-9.0.56.jar:9.0.56]
	at org.apache.catalina.core.ApplicationFilterChain.doFilter(ApplicationFilterChain.java:162) [tomcat-embed-core-9.0.56.jar:9.0.56]
	at org.springframework.web.filter.FormContentFilter.doFilterInternal(FormContentFilter.java:93) [spring-web-5.3.14.jar:5.3.14]
	at org.springframework.web.filter.OncePerRequestFilter.doFilter(OncePerRequestFilter.java:117) [spring-web-5.3.14.jar:5.3.14]
	at org.apache.catalina.core.ApplicationFilterChain.internalDoFilter(ApplicationFilterChain.java:189) [tomcat-embed-core-9.0.56.jar:9.0.56]
	at org.apache.catalina.core.ApplicationFilterChain.doFilter(ApplicationFilterChain.java:162) [tomcat-embed-core-9.0.56.jar:9.0.56]
	at org.springframework.web.filter.CharacterEncodingFilter.doFilterInternal(CharacterEncodingFilter.java:201) [spring-web-5.3.14.jar:5.3.14]
	at org.springframework.web.filter.OncePerRequestFilter.doFilter(OncePerRequestFilter.java:117) [spring-web-5.3.14.jar:5.3.14]
	at org.apache.catalina.core.ApplicationFilterChain.internalDoFilter(ApplicationFilterChain.java:189) [tomcat-embed-core-9.0.56.jar:9.0.56]
	at org.apache.catalina.core.ApplicationFilterChain.doFilter(ApplicationFilterChain.java:162) [tomcat-embed-core-9.0.56.jar:9.0.56]
	at org.apache.catalina.core.StandardWrapperValve.invoke(StandardWrapperValve.java:197) [tomcat-embed-core-9.0.56.jar:9.0.56]
	at org.apache.catalina.core.StandardContextValve.invoke(StandardContextValve.java:97) [tomcat-embed-core-9.0.56.jar:9.0.56]
	at org.apache.catalina.authenticator.AuthenticatorBase.invoke(AuthenticatorBase.java:540) [tomcat-embed-core-9.0.56.jar:9.0.56]
	at org.apache.catalina.core.StandardHostValve.invoke(StandardHostValve.java:135) [tomcat-embed-core-9.0.56.jar:9.0.56]
	at org.apache.catalina.valves.ErrorReportValve.invoke(ErrorReportValve.java:92) [tomcat-embed-core-9.0.56.jar:9.0.56]
	at org.apache.catalina.core.StandardEngineValve.invoke(StandardEngineValve.java:78) [tomcat-embed-core-9.0.56.jar:9.0.56]
	at org.apache.catalina.connector.CoyoteAdapter.service(CoyoteAdapter.java:357) [tomcat-embed-core-9.0.56.jar:9.0.56]
	at org.apache.coyote.http11.Http11Processor.service(Http11Processor.java:382) [tomcat-embed-core-9.0.56.jar:9.0.56]
	at org.apache.coyote.AbstractProcessorLight.process(AbstractProcessorLight.java:65) [tomcat-embed-core-9.0.56.jar:9.0.56]
	at org.apache.coyote.AbstractProtocol$ConnectionHandler.process(AbstractProtocol.java:895) [tomcat-embed-core-9.0.56.jar:9.0.56]
	at org.apache.tomcat.util.net.NioEndpoint$SocketProcessor.doRun(NioEndpoint.java:1732) [tomcat-embed-core-9.0.56.jar:9.0.56]
	at org.apache.tomcat.util.net.SocketProcessorBase.run(SocketProcessorBase.java:49) [tomcat-embed-core-9.0.56.jar:9.0.56]
	at org.apache.tomcat.util.threads.ThreadPoolExecutor.runWorker(ThreadPoolExecutor.java:1191) [tomcat-embed-core-9.0.56.jar:9.0.56]
	at org.apache.tomcat.util.threads.ThreadPoolExecutor$Worker.run(ThreadPoolExecutor.java:659) [tomcat-embed-core-9.0.56.jar:9.0.56]
	at org.apache.tomcat.util.threads.TaskThread$WrappingRunnable.run(TaskThread.java:61) [tomcat-embed-core-9.0.56.jar:9.0.56]
	at java.lang.Thread.run(Thread.java:748) [?:1.8.0_152]
	Suppressed: org.elasticsearch.client.ResponseException: method [GET], host [http://10.164.15.42:9201], URI [/v_spc_site_change/_doc/7356B18D-BC5E-497B-8BD1-144B77268479-01860], status line [HTTP/1.1 429 Too Many Requests]
{"error":{"root_cause":[{"type":"circuit_breaking_exception","reason":"[parent] Data too large, data for [<transport_request>] would be [1044746804/996.3mb], which is larger than the limit of [1020054732/972.7mb], real usage: [1044746456/996.3mb], new bytes reserved: [348/348b], usages [request=0/0b, fielddata=0/0b, in_flight_requests=1718/1.6kb, accounting=8438617/8mb]","bytes_wanted":1044746804,"bytes_limit":1020054732,"durability":"PERMANENT"}],"type":"circuit_breaking_exception","reason":"[parent] Data too large, data for [<transport_request>] would be [1044746804/996.3mb], which is larger than the limit of [1020054732/972.7mb], real usage: [1044746456/996.3mb], new bytes reserved: [348/348b], usages [request=0/0b, fielddata=0/0b, in_flight_requests=1718/1.6kb, accounting=8438617/8mb]","bytes_wanted":1044746804,"bytes_limit":1020054732,"durability":"PERMANENT"},"status":429}
		at org.elasticsearch.client.RestClient.convertResponse(RestClient.java:283) ~[elasticsearch-rest-client-7.6.2.jar:7.6.2]
		at org.elasticsearch.client.RestClient.performRequest(RestClient.java:261) ~[elasticsearch-rest-client-7.6.2.jar:7.6.2]
		at org.elasticsearch.client.RestClient.performRequest(RestClient.java:235) ~[elasticsearch-rest-client-7.6.2.jar:7.6.2]
		at org.elasticsearch.client.RestHighLevelClient.internalPerformRequest(RestHighLevelClient.java:1514) ~[elasticsearch-rest-high-level-client-7.6.2.jar:7.6.2]
		at org.elasticsearch.client.RestHighLevelClient.performRequest(RestHighLevelClient.java:1484) ~[elasticsearch-rest-high-level-client-7.6.2.jar:7.6.2]
		at org.elasticsearch.client.RestHighLevelClient.performRequestAndParseEntity(RestHighLevelClient.java:1454) ~[elasticsearch-rest-high-level-client-7.6.2.jar:7.6.2]
		at org.elasticsearch.client.RestHighLevelClient.get(RestHighLevelClient.java:742) ~[elasticsearch-rest-high-level-client-7.6.2.jar:7.6.2]
		at com.es.es_server4.service.impl.DianwangImpl.QueryByID(DianwangImpl.java:100) ~[classes/:?]
		at com.es.es_server4.controller.DianwangController.getSpcDetail(DianwangController.java:52) ~[classes/:?]
		at com.es.es_server4.controller.DianwangController$$FastClassBySpringCGLIB$$8ca4d348.invoke(<generated>) ~[classes/:?]
		at org.springframework.cglib.proxy.MethodProxy.invoke(MethodProxy.java:218) ~[spring-core-5.3.14.jar:5.3.14]
		at org.springframework.aop.framework.CglibAopProxy$CglibMethodInvocation.invokeJoinpoint(CglibAopProxy.java:783) ~[spring-aop-5.3.14.jar:5.3.14]
		at org.springframework.aop.framework.ReflectiveMethodInvocation.proceed(ReflectiveMethodInvocation.java:163) ~[spring-aop-5.3.14.jar:5.3.14]
		at org.springframework.aop.framework.CglibAopProxy$CglibMethodInvocation.proceed(CglibAopProxy.java:753) ~[spring-aop-5.3.14.jar:5.3.14]
		at org.springframework.aop.framework.adapter.AfterReturningAdviceInterceptor.invoke(AfterReturningAdviceInterceptor.java:57) ~[spring-aop-5.3.14.jar:5.3.14]
		at org.springframework.aop.framework.ReflectiveMethodInvocation.proceed(ReflectiveMethodInvocation.java:186) ~[spring-aop-5.3.14.jar:5.3.14]
		at org.springframework.aop.framework.CglibAopProxy$CglibMethodInvocation.proceed(CglibAopProxy.java:753) ~[spring-aop-5.3.14.jar:5.3.14]
		at org.springframework.aop.framework.adapter.MethodBeforeAdviceInterceptor.invoke(MethodBeforeAdviceInterceptor.java:58) ~[spring-aop-5.3.14.jar:5.3.14]
		at org.springframework.aop.framework.ReflectiveMethodInvocation.proceed(ReflectiveMethodInvocation.java:186) ~[spring-aop-5.3.14.jar:5.3.14]
		at org.springframework.aop.framework.CglibAopProxy$CglibMethodInvocation.proceed(CglibAopProxy.java:753) ~[spring-aop-5.3.14.jar:5.3.14]
		at org.springframework.aop.interceptor.ExposeInvocationInterceptor.invoke(ExposeInvocationInterceptor.java:97) ~[spring-aop-5.3.14.jar:5.3.14]
		at org.springframework.aop.framework.ReflectiveMethodInvocation.proceed(ReflectiveMethodInvocation.java:186) ~[spring-aop-5.3.14.jar:5.3.14]
		at org.springframework.aop.framework.CglibAopProxy$CglibMethodInvocation.proceed(CglibAopProxy.java:753) ~[spring-aop-5.3.14.jar:5.3.14]
		at org.springframework.aop.framework.CglibAopProxy$DynamicAdvisedInterceptor.intercept(CglibAopProxy.java:698) ~[spring-aop-5.3.14.jar:5.3.14]
		at com.es.es_server4.controller.DianwangController$$EnhancerBySpringCGLIB$$15f38be7.getSpcDetail(<generated>) ~[classes/:?]
		at sun.reflect.NativeMethodAccessorImpl.invoke0(Native Method) ~[?:1.8.0_152]
		at sun.reflect.NativeMethodAccessorImpl.invoke(NativeMethodAccessorImpl.java:62) ~[?:1.8.0_152]
		at sun.reflect.DelegatingMethodAccessorImpl.invoke(DelegatingMethodAccessorImpl.java:43) ~[?:1.8.0_152]
		at java.lang.reflect.Method.invoke(Method.java:498) ~[?:1.8.0_152]
		at org.springframework.web.method.support.InvocableHandlerMethod.doInvoke(InvocableHandlerMethod.java:205) ~[spring-web-5.3.14.jar:5.3.14]
		at org.springframework.web.method.support.InvocableHandlerMethod.invokeForRequest(InvocableHandlerMethod.java:150) ~[spring-web-5.3.14.jar:5.3.14]
		at org.springframework.web.servlet.mvc.method.annotation.ServletInvocableHandlerMethod.invokeAndHandle(ServletInvocableHandlerMethod.java:117) ~[spring-webmvc-5.3.14.jar:5.3.14]
		at org.springframework.web.servlet.mvc.method.annotation.RequestMappingHandlerAdapter.invokeHandlerMethod(RequestMappingHandlerAdapter.java:895) ~[spring-webmvc-5.3.14.jar:5.3.14]
		at org.springframework.web.servlet.mvc.method.annotation.RequestMappingHandlerAdapter.handleInternal(RequestMappingHandlerAdapter.java:808) ~[spring-webmvc-5.3.14.jar:5.3.14]
		at org.springframework.web.servlet.mvc.method.AbstractHandlerMethodAdapter.handle(AbstractHandlerMethodAdapter.java:87) ~[spring-webmvc-5.3.14.jar:5.3.14]
		at org.springframework.web.servlet.DispatcherServlet.doDispatch(DispatcherServlet.java:1067) [spring-webmvc-5.3.14.jar:5.3.14]
		at org.springframework.web.servlet.DispatcherServlet.doService(DispatcherServlet.java:963) [spring-webmvc-5.3.14.jar:5.3.14]
		at org.springframework.web.servlet.FrameworkServlet.processRequest(FrameworkServlet.java:1006) [spring-webmvc-5.3.14.jar:5.3.14]
		at org.springframework.web.servlet.FrameworkServlet.doGet(FrameworkServlet.java:898) [spring-webmvc-5.3.14.jar:5.3.14]
		at javax.servlet.http.HttpServlet.service(HttpServlet.java:655) [tomcat-embed-core-9.0.56.jar:4.0.FR]
		at org.springframework.web.servlet.FrameworkServlet.service(FrameworkServlet.java:883) [spring-webmvc-5.3.14.jar:5.3.14]
		at javax.servlet.http.HttpServlet.service(HttpServlet.java:764) [tomcat-embed-core-9.0.56.jar:4.0.FR]
		at org.apache.catalina.core.ApplicationFilterChain.internalDoFilter(ApplicationFilterChain.java:227) [tomcat-embed-core-9.0.56.jar:9.0.56]
		at org.apache.catalina.core.ApplicationFilterChain.doFilter(ApplicationFilterChain.java:162) [tomcat-embed-core-9.0.56.jar:9.0.56]
		at org.apache.tomcat.websocket.server.WsFilter.doFilter(WsFilter.java:53) [tomcat-embed-websocket-9.0.56.jar:9.0.56]
		at org.apache.catalina.core.ApplicationFilterChain.internalDoFilter(ApplicationFilterChain.java:189) [tomcat-embed-core-9.0.56.jar:9.0.56]
		at org.apache.catalina.core.ApplicationFilterChain.doFilter(ApplicationFilterChain.java:162) [tomcat-embed-core-9.0.56.jar:9.0.56]
		at org.springframework.web.filter.RequestContextFilter.doFilterInternal(RequestContextFilter.java:100) [spring-web-5.3.14.jar:5.3.14]
		at org.springframework.web.filter.OncePerRequestFilter.doFilter(OncePerRequestFilter.java:117) [spring-web-5.3.14.jar:5.3.14]
		at org.apache.catalina.core.ApplicationFilterChain.internalDoFilter(ApplicationFilterChain.java:189) [tomcat-embed-core-9.0.56.jar:9.0.56]
		at org.apache.catalina.core.ApplicationFilterChain.doFilter(ApplicationFilterChain.java:162) [tomcat-embed-core-9.0.56.jar:9.0.56]
		at org.springframework.web.filter.FormContentFilter.doFilterInternal(FormContentFilter.java:93) [spring-web-5.3.14.jar:5.3.14]
		at org.springframework.web.filter.OncePerRequestFilter.doFilter(OncePerRequestFilter.java:117) [spring-web-5.3.14.jar:5.3.14]
		at org.apache.catalina.core.ApplicationFilterChain.internalDoFilter(ApplicationFilterChain.java:189) [tomcat-embed-core-9.0.56.jar:9.0.56]
		at org.apache.catalina.core.ApplicationFilterChain.doFilter(ApplicationFilterChain.java:162) [tomcat-embed-core-9.0.56.jar:9.0.56]
		at org.springframework.web.filter.CharacterEncodingFilter.doFilterInternal(CharacterEncodingFilter.java:201) [spring-web-5.3.14.jar:5.3.14]
		at org.springframework.web.filter.OncePerRequestFilter.doFilter(OncePerRequestFilter.java:117) [spring-web-5.3.14.jar:5.3.14]
		at org.apache.catalina.core.ApplicationFilterChain.internalDoFilter(ApplicationFilterChain.java:189) [tomcat-embed-core-9.0.56.jar:9.0.56]
		at org.apache.catalina.core.ApplicationFilterChain.doFilter(ApplicationFilterChain.java:162) [tomcat-embed-core-9.0.56.jar:9.0.56]
		at org.apache.catalina.core.StandardWrapperValve.invoke(StandardWrapperValve.java:197) [tomcat-embed-core-9.0.56.jar:9.0.56]
		at org.apache.catalina.core.StandardContextValve.invoke(StandardContextValve.java:97) [tomcat-embed-core-9.0.56.jar:9.0.56]
		at org.apache.catalina.authenticator.AuthenticatorBase.invoke(AuthenticatorBase.java:540) [tomcat-embed-core-9.0.56.jar:9.0.56]
		at org.apache.catalina.core.StandardHostValve.invoke(StandardHostValve.java:135) [tomcat-embed-core-9.0.56.jar:9.0.56]
		at org.apache.catalina.valves.ErrorReportValve.invoke(ErrorReportValve.java:92) [tomcat-embed-core-9.0.56.jar:9.0.56]
		at org.apache.catalina.core.StandardEngineValve.invoke(StandardEngineValve.java:78) [tomcat-embed-core-9.0.56.jar:9.0.56]
		at org.apache.catalina.connector.CoyoteAdapter.service(CoyoteAdapter.java:357) [tomcat-embed-core-9.0.56.jar:9.0.56]
		at org.apache.coyote.http11.Http11Processor.service(Http11Processor.java:382) [tomcat-embed-core-9.0.56.jar:9.0.56]
		at org.apache.coyote.AbstractProcessorLight.process(AbstractProcessorLight.java:65) [tomcat-embed-core-9.0.56.jar:9.0.56]
		at org.apache.coyote.AbstractProtocol$ConnectionHandler.process(AbstractProtocol.java:895) [tomcat-embed-core-9.0.56.jar:9.0.56]
		at org.apache.tomcat.util.net.NioEndpoint$SocketProcessor.doRun(NioEndpoint.java:1732) [tomcat-embed-core-9.0.56.jar:9.0.56]
		at org.apache.tomcat.util.net.SocketProcessorBase.run(SocketProcessorBase.java:49) [tomcat-embed-core-9.0.56.jar:9.0.56]
		at org.apache.tomcat.util.threads.ThreadPoolExecutor.runWorker(ThreadPoolExecutor.java:1191) [tomcat-embed-core-9.0.56.jar:9.0.56]
		at org.apache.tomcat.util.threads.ThreadPoolExecutor$Worker.run(ThreadPoolExecutor.java:659) [tomcat-embed-core-9.0.56.jar:9.0.56]
		at org.apache.tomcat.util.threads.TaskThread$WrappingRunnable.run(TaskThread.java:61) [tomcat-embed-core-9.0.56.jar:9.0.56]
		at java.lang.Thread.run(Thread.java:748) [?:1.8.0_152]
